<?xml version="1.0" encoding="UTF-8"?>
<testsuite xmlns:xsi="http://www.w3.org/2001/XMLSchema-instance" xsi:noNamespaceSchemaLocation="https://maven.apache.org/surefire/maven-surefire-plugin/xsd/surefire-test-report.xsd" name="fr.takima.training.sampleapplication.unit.DepartmentsServiceTest" time="2.162" tests="3" errors="0" skipped="0" failures="0">
  <properties>
[...]
</properties>
  <testcase name="testGetDepartmentByNameWithEmptyValue" classname="fr.takima.training.sampleapplication.unit.DepartmentsServiceTest" time="2.015"/>
  <testcase name="testGetDepartmentByNameWithNullValue" classname="fr.takima.training.sampleapplication.unit.DepartmentsServiceTest" time="0.001"/>
  <testcase name="testGetDepartmentByName" classname="fr.takima.training.sampleapplication.unit.DepartmentsServiceTest" time="0.089"/>
</testsuite>